<?xml version="1.0" encoding="UTF-8"?>
<!-- Generated by org.testng.reporters.JUnitXMLReporter -->
<testsuite hostname="DESKTOP-OVFIP9V" ignored="0" name="Test1" tests="1" failures="1" timestamp="2023-03-13T14:57:16 IST" time="0.015" errors="0">
  <testcase name="hrm" time="0.004" classname="com.enix.testcases.HRM_test">
    <failure type="java.lang.NullPointerException">
      <![CDATA[java.lang.NullPointerException
at org.openqa.selenium.support.pagefactory.DefaultElementLocator.findElement(DefaultElementLocator.java:70)
at org.openqa.selenium.support.pagefactory.internal.LocatingElementHandler.invoke(LocatingElementHandler.java:39)
at com.sun.proxy.$Proxy30.click(Unknown Source)
at com.enix.pageobject.HRM.HRM(HRM.java:32)
at com.enix.testcases.HRM_test.hrm(HRM_test.java:17)
at java.util.ArrayList.forEach(Unknown Source)
... Removed 27 stack frames]]>
    </failure>
  </testcase> <!-- hrm -->
</testsuite> <!-- Test1 -->
