<?xml version="1.0" encoding="UTF-8"?>
<testng-results skipped="0" failed="0" ignored="0" total="1" passed="1">
  <reporter-output>
  </reporter-output>
  <suite name="Default suite" duration-ms="32213" started-at="2023-03-30T15:05:25 IST" finished-at="2023-03-30T15:05:58 IST">
    <groups>
    </groups>
    <test name="Default test" duration-ms="32213" started-at="2023-03-30T15:05:25 IST" finished-at="2023-03-30T15:05:58 IST">
      <class name="com.enix.testcases.TC_LOGINPAGE">
        <test-method status="PASS" signature="setup()[pri:0, instance:com.enix.testcases.TC_LOGINPAGE@4cf4d528]" name="setup" is-config="true" duration-ms="3060" started-at="2023-03-30T15:05:22 IST" finished-at="2023-03-30T15:05:25 IST">
          <reporter-output>
          </reporter-output>
        </test-method> <!-- setup -->
        <test-method status="PASS" signature="verifylogin()[pri:0, instance:com.enix.testcases.TC_LOGINPAGE@4cf4d528]" name="verifylogin" is-config="true" duration-ms="1858" started-at="2023-03-30T15:05:25 IST" finished-at="2023-03-30T15:05:27 IST">
          <reporter-output>
          </reporter-output>
        </test-method> <!-- verifylogin -->
        <test-method status="PASS" signature="Operation()[pri:0, instance:com.enix.testcases.TC_LOGINPAGE@4cf4d528]" name="Operation" duration-ms="28532" started-at="2023-03-30T15:05:27 IST" finished-at="2023-03-30T15:05:56 IST">
          <reporter-output>
          </reporter-output>
        </test-method> <!-- Operation -->
        <test-method status="PASS" signature="window()[pri:0, instance:com.enix.testcases.TC_LOGINPAGE@4cf4d528]" name="window" is-config="true" duration-ms="1748" started-at="2023-03-30T15:05:56 IST" finished-at="2023-03-30T15:05:58 IST">
          <reporter-output>
          </reporter-output>
        </test-method> <!-- window -->
      </class> <!-- com.enix.testcases.TC_LOGINPAGE -->
    </test> <!-- Default test -->
  </suite> <!-- Default suite -->
</testng-results>
