<?xml version="1.0" encoding="UTF-8"?>
<testng-results skipped="0" failed="0" ignored="0" total="1" passed="1">
  <reporter-output>
  </reporter-output>
  <suite name="Default suite" duration-ms="28628" started-at="2023-03-08T17:23:14 IST" finished-at="2023-03-08T17:23:42 IST">
    <groups>
    </groups>
    <test name="Default test" duration-ms="28628" started-at="2023-03-08T17:23:14 IST" finished-at="2023-03-08T17:23:42 IST">
      <class name="com.enix.testcases.TC_LOGINPAGE">
        <test-method status="PASS" signature="setup()[pri:0, instance:com.enix.testcases.TC_LOGINPAGE@67b467e9]" name="setup" is-config="true" duration-ms="2537" started-at="2023-03-08T17:23:14 IST" finished-at="2023-03-08T17:23:16 IST">
          <reporter-output>
          </reporter-output>
        </test-method> <!-- setup -->
        <test-method status="PASS" signature="VerifyLogin()[pri:0, instance:com.enix.testcases.TC_LOGINPAGE@67b467e9]" name="VerifyLogin" duration-ms="26043" started-at="2023-03-08T17:23:16 IST" finished-at="2023-03-08T17:23:42 IST">
          <reporter-output>
          </reporter-output>
        </test-method> <!-- VerifyLogin -->
      </class> <!-- com.enix.testcases.TC_LOGINPAGE -->
    </test> <!-- Default test -->
  </suite> <!-- Default suite -->
</testng-results>
